4108.99074894263
3944.12540409159
4159.3324360059
4159.67562605862
4251.71643241641
4225.24215857475
4537.779791168059
8683.173127100727
8274.5974952586
8473.7345818752
8298.497182163761
6397.5724997481
5676.23628669213
5436.443638291859
5789.674753238969
6444.616993679557
6136.091775197601
7670.210289791
8311.939334523
7708.6009019448
8329.1208704748
4069.0253814101993
4342.2928043639995
4474.3268568642
4214.3181468336
4433.237828419799
4347.2780449596
4602.0888113976
4372.314766202399
4516.5743760942
4538.595508237399
8448.326607910813
8963.444413498411
8190.031168209132
8243.0032557708
6161.11648109082
5379.09773210055
5772.3646467834
5950.03615920297
5435.46932854608
6046.34431550747
6991.259505665541
7712.6666402214005
7627.078333811969
7245.918252149941
3772.63466509842
4003.0694803395295
3832.3031993431196
4211.875786089749
3900.050305568999
3940.64878560924
4210.889191808849
4196.726047190339
3961.52703932559
4059.89397856859
7706.015991507291
8208.685631086382
7246.408964329261
7243.15596928605
5406.641425834199
5929.10173606662
5296.7616158583005
5446.9116546975
5470.68504816063
5839.153913501061
7376.30672135054
6731.396813861281
7191.93085635618
7030.102303776421
3748.3481835065104
3839.2580179769398
3747.60426784185
4161.35079696651
4138.87726570836
3949.834887804629
3909.5719553595
3990.9277810106696
4283.25147428979
3916.5121258594395
7975.412177250921
8166.460293981
6994.1085707493
6417.453353543101
4954.4301660714
5260.828062567601
4909.6908312849
4887.6429113181
4605.5422378422
4408.8425788307
5877.0922293023
6022.4826028059015
5655.1130514549
6201.7757934066
3087.3895605161997
2992.7731623578998
3249.8343160716
2924.9980449725995
3386.4271029861
3169.6949755841993
3477.1129865967
